<?xml version="1.0" encoding="UTF-8"?>
<beans xmlns="http://www.springframework.org/schema/beans" xmlns:xsi="http://www.w3.org/2001/XMLSchema-instance"
	xmlns:context="http://www.springframework.org/schema/context"
	xmlns:util="http://www.springframework.org/schema/beans" 
	xsi:schemaLocation="http://www.springframework.org/schema/beans http://www.springframework.org/schema/beans/spring-beans-2.5.xsd
        http://www.springframework.org/schema/util http://www.springframework.org/schema/util/spring-util.xsd
		http://www.springframework.org/schema/context http://www.springframework.org/schema/context/spring-context-2.5.xsd">

	<import resource="launch-context.xml"/>
	<import resource="jobs/statementJob.xml"/>

	<bean id="placeholderProperties" class="org.springframework.beans.factory.config.PropertyPlaceholderConfigurer">
		<property name="location" value="classpath:test-batch.properties" />
		<property name="systemPropertiesModeName" value="SYSTEM_PROPERTIES_MODE_OVERRIDE" />
		<property name="ignoreUnresolvablePlaceholders" value="true" />
		<property name="order" value="1" />
	</bean>

<bean id="dataSourceInitializer" class="org.springframework.jdbc.datasource.init.DataSourceInitializer">
  <property name="dataSource" ref="dataSource"/>
  <property name="enabled" value="true"/>
  <property name="databasePopulator">
    <bean class="org.springframework.jdbc.datasource.init.ResourceDatabasePopulator">
      <property name="continueOnError" value="false"/>
      <property name="ignoreFailedDrops" value="false"/>
      <property name="sqlScriptEncoding" value="UTF-8"/>
      <property name="scripts">
        <list>
          <value type="org.springframework.core.io.Resource">
            classpath:schema.sql
          </value>
        </list>
      </property>
    </bean>
  </property>
</bean>

<!--	<bean id="dataSourceInitializer" class="test.jdbc.datasource.DataSourceInitializer">-->
<!--		<property name="dataSource" ref="dataSource"/>-->
<!--		<property name="initScripts" value="${batch.schema.script}"/>-->
<!--	</bean>-->
</beans>
